<?xml version="1.0" encoding="UTF-8"?>
<testng-results ignored="0" total="1" passed="1" failed="0" skipped="0">
  <reporter-output>
  </reporter-output>
  <suite started-at="2024-08-20T19:02:09 IST" name="Default suite" finished-at="2024-08-20T19:02:56 IST" duration-ms="46543">
    <groups>
    </groups>
    <test started-at="2024-08-20T19:02:09 IST" name="Default test" finished-at="2024-08-20T19:02:56 IST" duration-ms="46543">
      <class name="main.Data_entry_test">
        <test-method signature="login()[pri:0, instance:main.Data_entry_test@126253fd]" started-at="2024-08-20T19:02:09 IST" name="login" finished-at="2024-08-20T19:02:56 IST" duration-ms="46428" status="PASS">
          <reporter-output>
          </reporter-output>
        </test-method> <!-- login -->
      </class> <!-- main.Data_entry_test -->
    </test> <!-- Default test -->
  </suite> <!-- Default suite -->
</testng-results>
